[0726/183333.102:INFO:CONSOLE(0)] "Error with Permissions-Policy header: Feature xr-spatial-tracking's parameters are ignored.", source:  (0)
[0726/183333.102:INFO:CONSOLE(0)] "Error with Permissions-Policy header: Origin trial controlled feature not enabled: 'attribution-reporting'.", source:  (0)
[0726/183333.103:INFO:CONSOLE(0)] "Error with Permissions-Policy header: Unrecognized feature: 'battery'.", source:  (0)
[0726/183333.103:INFO:CONSOLE(0)] "Error with Permissions-Policy header: Unrecognized feature: 'compute-pressure'.", source:  (0)
[0726/183333.103:INFO:CONSOLE(0)] "Error with Permissions-Policy header: Origin trial controlled feature not enabled: 'interest-cohort'.", source:  (0)
[0726/183333.103:INFO:CONSOLE(0)] "Error with Permissions-Policy header: Unrecognized feature: 'private-state-token-issuance'.", source:  (0)
[0726/183333.104:INFO:CONSOLE(0)] "Error with Permissions-Policy header: Origin trial controlled feature not enabled: 'shared-storage'.", source:  (0)
[0726/183333.104:INFO:CONSOLE(0)] "Error with Permissions-Policy header: Unrecognized feature: 'shared-storage-select-url'.", source:  (0)
[0726/183333.104:INFO:CONSOLE(0)] "Error with Permissions-Policy header: Unrecognized feature: 'private-state-token-redemption'.", source:  (0)
[0726/183333.104:INFO:CONSOLE(0)] "Error with Permissions-Policy header: Unrecognized feature: 'usb-unrestricted'.", source:  (0)
[0726/183333.104:INFO:CONSOLE(0)] "Error with Permissions-Policy header: Unrecognized feature: 'unload'.", source:  (0)
[0726/183333.104:INFO:CONSOLE(0)] "Error with Permissions-Policy header: Unrecognized feature: 'window-management'.", source:  (0)
[0726/183347.704:INFO:CONSOLE(133)] "Event handler of 'x-storagemutated-1' event must be added on the initial evaluation of worker script.", source: https://static.whatsapp.net/rsrc.php/v3/yK/r/PkgbjPNoHBM.js?_nc_x=Ij3Wp8lg5Kz (133)
[0726/183607.497:INFO:CONSOLE(133)] "Event handler of 'x-storagemutated-1' event must be added on the initial evaluation of worker script.", source: https://static.whatsapp.net/rsrc.php/v3/yK/r/PkgbjPNoHBM.js?_nc_x=Ij3Wp8lg5Kz (133)
[0726/183702.698:INFO:CONSOLE(133)] "Event handler of 'x-storagemutated-1' event must be added on the initial evaluation of worker script.", source: https://static.whatsapp.net/rsrc.php/v3/yK/r/PkgbjPNoHBM.js?_nc_x=Ij3Wp8lg5Kz (133)
[0726/183847.074:ERROR:cache_util_win.cc(20)] Unable to move the cache: Access is denied. (0x5)
[0726/183847.074:ERROR:disk_cache.cc(205)] Unable to create cache
[0726/183847.074:ERROR:gpu_disk_cache.cc(673)] Gpu Cache Creation failed: -2
[0726/183847.074:ERROR:cache_util_win.cc(20)] Unable to move the cache: Access is denied. (0x5)
[0726/183847.074:ERROR:disk_cache.cc(205)] Unable to create cache
[0726/183847.074:ERROR:gpu_disk_cache.cc(673)] Gpu Cache Creation failed: -2
[0726/183848.093:ERROR:cache_util_win.cc(20)] Unable to move the cache: Access is denied. (0x5)
[0726/183848.093:ERROR:disk_cache.cc(205)] Unable to create cache
[0726/183849.505:INFO:CONSOLE(0)] "Error with Permissions-Policy header: Feature xr-spatial-tracking's parameters are ignored.", source:  (0)
[0726/183849.505:INFO:CONSOLE(0)] "Error with Permissions-Policy header: Origin trial controlled feature not enabled: 'attribution-reporting'.", source:  (0)
[0726/183849.506:INFO:CONSOLE(0)] "Error with Permissions-Policy header: Unrecognized feature: 'battery'.", source:  (0)
[0726/183849.506:INFO:CONSOLE(0)] "Error with Permissions-Policy header: Unrecognized feature: 'compute-pressure'.", source:  (0)
[0726/183849.506:INFO:CONSOLE(0)] "Error with Permissions-Policy header: Origin trial controlled feature not enabled: 'interest-cohort'.", source:  (0)
[0726/183849.506:INFO:CONSOLE(0)] "Error with Permissions-Policy header: Unrecognized feature: 'private-state-token-issuance'.", source:  (0)
[0726/183849.506:INFO:CONSOLE(0)] "Error with Permissions-Policy header: Origin trial controlled feature not enabled: 'shared-storage'.", source:  (0)
[0726/183849.506:INFO:CONSOLE(0)] "Error with Permissions-Policy header: Unrecognized feature: 'shared-storage-select-url'.", source:  (0)
[0726/183849.506:INFO:CONSOLE(0)] "Error with Permissions-Policy header: Unrecognized feature: 'private-state-token-redemption'.", source:  (0)
[0726/183849.507:INFO:CONSOLE(0)] "Error with Permissions-Policy header: Unrecognized feature: 'usb-unrestricted'.", source:  (0)
[0726/183849.507:INFO:CONSOLE(0)] "Error with Permissions-Policy header: Unrecognized feature: 'unload'.", source:  (0)
[0726/183849.507:INFO:CONSOLE(0)] "Error with Permissions-Policy header: Unrecognized feature: 'window-management'.", source:  (0)
[0726/183902.004:ERROR:quota_database.cc(929)] Could not open the quota database, resetting.
[0726/183909.837:ERROR:quota_database.cc(929)] Could not open the quota database, resetting.
[0726/183913.789:ERROR:quota_database.cc(931)] Failed to reset the quota database.
[0726/183913.789:ERROR:quota_database.cc(931)] Failed to reset the quota database.
[0726/183934.616:INFO:CONSOLE(338)] "Failed to parse video contentType: video/mp4; codecs=avc1.42000a", source: https://static.whatsapp.net/rsrc.php/v3iHCc4/yh/l/rt/7YAqncMNRoS.js?_nc_x=Ij3Wp8lg5Kz (338)
[0726/183934.616:INFO:CONSOLE(338)] "Failed to parse video contentType: video/mp4; codecs=hev1.1.6.L93.B0", source: https://static.whatsapp.net/rsrc.php/v3iHCc4/yh/l/rt/7YAqncMNRoS.js?_nc_x=Ij3Wp8lg5Kz (338)
[0726/184046.120:INFO:CONSOLE(0)] "Error with Permissions-Policy header: Feature xr-spatial-tracking's parameters are ignored.", source:  (0)
[0726/184046.120:INFO:CONSOLE(0)] "Error with Permissions-Policy header: Origin trial controlled feature not enabled: 'attribution-reporting'.", source:  (0)
[0726/184046.120:INFO:CONSOLE(0)] "Error with Permissions-Policy header: Unrecognized feature: 'battery'.", source:  (0)
[0726/184046.128:INFO:CONSOLE(0)] "Error with Permissions-Policy header: Unrecognized feature: 'compute-pressure'.", source:  (0)
[0726/184046.128:INFO:CONSOLE(0)] "Error with Permissions-Policy header: Origin trial controlled feature not enabled: 'interest-cohort'.", source:  (0)
[0726/184046.128:INFO:CONSOLE(0)] "Error with Permissions-Policy header: Unrecognized feature: 'private-state-token-issuance'.", source:  (0)
[0726/184046.128:INFO:CONSOLE(0)] "Error with Permissions-Policy header: Origin trial controlled feature not enabled: 'shared-storage'.", source:  (0)
[0726/184046.128:INFO:CONSOLE(0)] "Error with Permissions-Policy header: Unrecognized feature: 'shared-storage-select-url'.", source:  (0)
[0726/184046.128:INFO:CONSOLE(0)] "Error with Permissions-Policy header: Unrecognized feature: 'private-state-token-redemption'.", source:  (0)
[0726/184046.128:INFO:CONSOLE(0)] "Error with Permissions-Policy header: Unrecognized feature: 'usb-unrestricted'.", source:  (0)
[0726/184046.128:INFO:CONSOLE(0)] "Error with Permissions-Policy header: Unrecognized feature: 'unload'.", source:  (0)
[0726/184046.128:INFO:CONSOLE(0)] "Error with Permissions-Policy header: Unrecognized feature: 'window-management'.", source:  (0)
[0726/184046.739:ERROR:entry_impl.cc(1072)] No file for 80000005
[0726/184046.739:ERROR:entry_impl.cc(1072)] No file for 80000003
[0726/184047.038:ERROR:entry_impl.cc(1072)] No file for 80000004
[0726/184047.038:ERROR:entry_impl.cc(1072)] No file for 8000000c
[0726/184047.039:ERROR:entry_impl.cc(1072)] No file for 80000001
[0726/184047.040:ERROR:entry_impl.cc(1072)] No file for 80000009
[0726/184047.040:ERROR:entry_impl.cc(1072)] No file for 80000006
[0726/184047.040:ERROR:entry_impl.cc(1072)] No file for 80000008
[0726/184047.041:ERROR:entry_impl.cc(1072)] No file for 80000007
[0726/184050.375:INFO:CONSOLE(0)] "The resource https://static.whatsapp.net/rsrc-translations.php/v6iPGz4/yK/l/en_GB/LJSnINHHEXq.js?_nc_x=Ij3Wp8lg5Kz was preloaded using link preload but not used within a few seconds from the window's load event. Please make sure it has an appropriate `as` value and it is preloaded intentionally.", source: https://web.whatsapp.com/ (0)
[0726/184050.375:INFO:CONSOLE(0)] "The resource https://static.whatsapp.net/rsrc-translations.php/v6iMrv4/yP/l/en_GB/03lkeC_GoTF.js?_nc_x=Ij3Wp8lg5Kz was preloaded using link preload but not used within a few seconds from the window's load event. Please make sure it has an appropriate `as` value and it is preloaded intentionally.", source: https://web.whatsapp.com/ (0)
[0726/184050.376:INFO:CONSOLE(0)] "The resource https://static.whatsapp.net/rsrc-translations.php/v6iHCc4/yw/l/en_GB/7YAqncMNRoS.js?_nc_x=Ij3Wp8lg5Kz was preloaded using link preload but not used within a few seconds from the window's load event. Please make sure it has an appropriate `as` value and it is preloaded intentionally.", source: https://web.whatsapp.com/ (0)
[0726/184050.376:INFO:CONSOLE(0)] "The resource https://static.whatsapp.net/rsrc-translations.php/v6ihiF4/y7/l/en_GB/xUa43JxdJza.js?_nc_x=Ij3Wp8lg5Kz was preloaded using link preload but not used within a few seconds from the window's load event. Please make sure it has an appropriate `as` value and it is preloaded intentionally.", source: https://web.whatsapp.com/ (0)
