[0726/211041.649:INFO:CONSOLE(0)] "Error with Permissions-Policy header: Feature xr-spatial-tracking's parameters are ignored.", source:  (0)
[0726/211041.650:INFO:CONSOLE(0)] "Error with Permissions-Policy header: Origin trial controlled feature not enabled: 'attribution-reporting'.", source:  (0)
[0726/211041.650:INFO:CONSOLE(0)] "Error with Permissions-Policy header: Unrecognized feature: 'battery'.", source:  (0)
[0726/211041.650:INFO:CONSOLE(0)] "Error with Permissions-Policy header: Unrecognized feature: 'compute-pressure'.", source:  (0)
[0726/211041.650:INFO:CONSOLE(0)] "Error with Permissions-Policy header: Origin trial controlled feature not enabled: 'interest-cohort'.", source:  (0)
[0726/211041.650:INFO:CONSOLE(0)] "Error with Permissions-Policy header: Unrecognized feature: 'private-state-token-issuance'.", source:  (0)
[0726/211041.664:INFO:CONSOLE(0)] "Error with Permissions-Policy header: Origin trial controlled feature not enabled: 'shared-storage'.", source:  (0)
[0726/211041.664:INFO:CONSOLE(0)] "Error with Permissions-Policy header: Unrecognized feature: 'shared-storage-select-url'.", source:  (0)
[0726/211041.665:INFO:CONSOLE(0)] "Error with Permissions-Policy header: Unrecognized feature: 'private-state-token-redemption'.", source:  (0)
[0726/211041.665:INFO:CONSOLE(0)] "Error with Permissions-Policy header: Unrecognized feature: 'usb-unrestricted'.", source:  (0)
[0726/211041.665:INFO:CONSOLE(0)] "Error with Permissions-Policy header: Unrecognized feature: 'unload'.", source:  (0)
[0726/211041.665:INFO:CONSOLE(0)] "Error with Permissions-Policy header: Unrecognized feature: 'window-management'.", source:  (0)
[0726/211050.191:INFO:CONSOLE(133)] "Event handler of 'x-storagemutated-1' event must be added on the initial evaluation of worker script.", source: https://static.whatsapp.net/rsrc.php/v3/yj/r/naQErJ3BDMl.js?_nc_x=Ij3Wp8lg5Kz (133)
[0726/211103.586:INFO:CONSOLE(4)] "Uncaught (in promise) Error: Cannot read properties of undefined (reading 'emit')", source: https://web.whatsapp.com/ (4)
[0726/211159.328:INFO:CONSOLE(4)] "Uncaught (in promise) Error: Cannot read properties of undefined (reading 'emit')", source: https://web.whatsapp.com/ (4)
[0726/211219.564:INFO:CONSOLE(4)] "Uncaught (in promise) Error: Cannot read properties of undefined (reading 'emit')", source: https://web.whatsapp.com/ (4)
[0726/211239.238:INFO:CONSOLE(4)] "Uncaught (in promise) Error: Cannot read properties of undefined (reading 'emit')", source: https://web.whatsapp.com/ (4)
[0726/211259.258:INFO:CONSOLE(4)] "Uncaught (in promise) Error: Cannot read properties of undefined (reading 'emit')", source: https://web.whatsapp.com/ (4)
[0726/211319.267:INFO:CONSOLE(4)] "Uncaught (in promise) Error: Cannot read properties of undefined (reading 'emit')", source: https://web.whatsapp.com/ (4)
[0726/211339.240:INFO:CONSOLE(4)] "Uncaught (in promise) Error: window is not defined", source: https://web.whatsapp.com/ (4)
[0726/211430.698:INFO:CONSOLE(4)] "Uncaught (in promise) Error: Cannot read properties of undefined (reading 'emit')", source: https://web.whatsapp.com/ (4)
